<?xml version="1.0" encoding="UTF-8"?>
<!-- Generated by org.testng.reporters.JUnitXMLReporter -->
<testsuite ignored="4" hostname="ENE" failures="2" tests="2" name="Admin(failed)(failed)" time="75.438" errors="0" timestamp="2023-01-19T14:01:39 WAT">
  <testcase classname="BetterLifeTest.AdminPageTest" name="Verify_Approve_And_Reject_A_Single_FO" time="32.927">
    <failure type="org.openqa.selenium.NoSuchElementException" message="no such element: Unable to locate element: {&amp;quot;method&amp;quot;:&amp;quot;xpath&amp;quot;,&amp;quot;selector&amp;quot;:&amp;quot;(//i[@class=&amp;apos;fa-solid fa-circle-check&amp;apos;])[1]&amp;quot;}
  (Session info: MicrosoftEdge=108.0.1462.76)
For documentation on this error, please visit: https://selenium.dev/exceptions/#no_such_element
Build info: version: &amp;apos;4.3.0&amp;apos;, revision: &amp;apos;a4995e2c09*&amp;apos;
System info: host: &amp;apos;ENE&amp;apos;, ip: &amp;apos;192.168.77.240&amp;apos;, os.name: &amp;apos;Windows 11&amp;apos;, os.arch: &amp;apos;amd64&amp;apos;, os.version: &amp;apos;10.0&amp;apos;, java.version: &amp;apos;11.0.14&amp;apos;
Driver info: org.openqa.selenium.edge.EdgeDriver
Command: [2222118db57e433688b13a89b60ceaa8, findElement {using=xpath, value=(//i[@class=&amp;apos;fa-solid fa-circle-check&amp;apos;])[1]}]
Capabilities {acceptInsecureCerts: false, browserName: msedge, browserVersion: 108.0.1462.76, ms:edgeOptions: {debuggerAddress: localhost:53379}, msedge: {msedgedriverVersion: 108.0.1462.87 (d2d9c889eece..., userDataDir: C:\Users\bglag\AppData\Loca...}, networkConnectionEnabled: false, pageLoadStrategy: normal, platformName: WINDOWS, proxy: Proxy(), se:cdp: ws://localhost:53379/devtoo..., se:cdpVersion: 108.0.1462.76, setWindowRect: true, strictFileInteractability: false, timeouts: {implicit: 0, pageLoad: 300000, script: 30000}, unhandledPromptBehavior: dismiss and notify, webauthn:extension:credBlob: true, webauthn:extension:largeBlob: true, webauthn:virtualAuthenticators: true}
Session ID: 2222118db57e433688b13a89b60ceaa8">
      <![CDATA[org.openqa.selenium.NoSuchElementException: no such element: Unable to locate element: {"method":"xpath","selector":"(//i[@class='fa-solid fa-circle-check'])[1]"}
  (Session info: MicrosoftEdge=108.0.1462.76)
For documentation on this error, please visit: https://selenium.dev/exceptions/#no_such_element
Build info: version: '4.3.0', revision: 'a4995e2c09*'
System info: host: 'ENE', ip: '192.168.77.240', os.name: 'Windows 11', os.arch: 'amd64', os.version: '10.0', java.version: '11.0.14'
Driver info: org.openqa.selenium.edge.EdgeDriver
Command: [2222118db57e433688b13a89b60ceaa8, findElement {using=xpath, value=(//i[@class='fa-solid fa-circle-check'])[1]}]
Capabilities {acceptInsecureCerts: false, browserName: msedge, browserVersion: 108.0.1462.76, ms:edgeOptions: {debuggerAddress: localhost:53379}, msedge: {msedgedriverVersion: 108.0.1462.87 (d2d9c889eece..., userDataDir: C:\Users\bglag\AppData\Loca...}, networkConnectionEnabled: false, pageLoadStrategy: normal, platformName: WINDOWS, proxy: Proxy(), se:cdp: ws://localhost:53379/devtoo..., se:cdpVersion: 108.0.1462.76, setWindowRect: true, strictFileInteractability: false, timeouts: {implicit: 0, pageLoad: 300000, script: 30000}, unhandledPromptBehavior: dismiss and notify, webauthn:extension:credBlob: true, webauthn:extension:largeBlob: true, webauthn:virtualAuthenticators: true}
Session ID: 2222118db57e433688b13a89b60ceaa8
at org.openqa.selenium.remote.codec.w3c.W3CHttpResponseCodec.createException(W3CHttpResponseCodec.java:200)
at org.openqa.selenium.remote.codec.w3c.W3CHttpResponseCodec.decode(W3CHttpResponseCodec.java:133)
at org.openqa.selenium.remote.codec.w3c.W3CHttpResponseCodec.decode(W3CHttpResponseCodec.java:53)
at org.openqa.selenium.remote.HttpCommandExecutor.execute(HttpCommandExecutor.java:184)
at org.openqa.selenium.remote.service.DriverCommandExecutor.invokeExecute(DriverCommandExecutor.java:167)
at org.openqa.selenium.remote.service.DriverCommandExecutor.execute(DriverCommandExecutor.java:142)
at org.openqa.selenium.remote.RemoteWebDriver.execute(RemoteWebDriver.java:569)
at org.openqa.selenium.remote.ElementLocation$ElementFinder$2.findElement(ElementLocation.java:162)
at org.openqa.selenium.remote.ElementLocation.findElement(ElementLocation.java:60)
at org.openqa.selenium.remote.RemoteWebDriver.findElement(RemoteWebDriver.java:387)
at org.openqa.selenium.remote.RemoteWebDriver.findElement(RemoteWebDriver.java:379)
at org.openqa.selenium.support.pagefactory.DefaultElementLocator.findElement(DefaultElementLocator.java:70)
at org.openqa.selenium.support.pagefactory.internal.LocatingElementHandler.invoke(LocatingElementHandler.java:39)
at com.sun.proxy.$Proxy14.click(Unknown Source)
at BetterLifePages.AdminPage.ApproveAndReject_A_SingleRequest1(AdminPage.java:144)
at BetterLifeTest.AdminPageTest.Verify_Approve_And_Reject_A_Single_FO(AdminPageTest.java:106)
at java.base/java.util.ArrayList.forEach(ArrayList.java:1541)
... Removed 31 stack frames]]>
    </failure>
  </testcase> <!-- Verify_Approve_And_Reject_A_Single_FO -->
  <testcase classname="BetterLifeTest.AdminPageTest" name="Verify_Re_Assign_FO" time="42.496">
    <failure type="org.openqa.selenium.NoSuchElementException" message="no such element: Unable to locate element: {&amp;quot;method&amp;quot;:&amp;quot;xpath&amp;quot;,&amp;quot;selector&amp;quot;:&amp;quot;(//i[@class=&amp;apos;fa-solid fa-circle-check&amp;apos;])[1]&amp;quot;}
  (Session info: MicrosoftEdge=108.0.1462.76)
For documentation on this error, please visit: https://selenium.dev/exceptions/#no_such_element
Build info: version: &amp;apos;4.3.0&amp;apos;, revision: &amp;apos;a4995e2c09*&amp;apos;
System info: host: &amp;apos;ENE&amp;apos;, ip: &amp;apos;192.168.77.240&amp;apos;, os.name: &amp;apos;Windows 11&amp;apos;, os.arch: &amp;apos;amd64&amp;apos;, os.version: &amp;apos;10.0&amp;apos;, java.version: &amp;apos;11.0.14&amp;apos;
Driver info: org.openqa.selenium.edge.EdgeDriver
Command: [fd24ec4e7822199993862bcd8d78c454, findElement {using=xpath, value=(//i[@class=&amp;apos;fa-solid fa-circle-check&amp;apos;])[1]}]
Capabilities {acceptInsecureCerts: false, browserName: msedge, browserVersion: 108.0.1462.76, ms:edgeOptions: {debuggerAddress: localhost:53493}, msedge: {msedgedriverVersion: 108.0.1462.87 (d2d9c889eece..., userDataDir: C:\Users\bglag\AppData\Loca...}, networkConnectionEnabled: false, pageLoadStrategy: normal, platformName: WINDOWS, proxy: Proxy(), se:cdp: ws://localhost:53493/devtoo..., se:cdpVersion: 108.0.1462.76, setWindowRect: true, strictFileInteractability: false, timeouts: {implicit: 0, pageLoad: 300000, script: 30000}, unhandledPromptBehavior: dismiss and notify, webauthn:extension:credBlob: true, webauthn:extension:largeBlob: true, webauthn:virtualAuthenticators: true}
Session ID: fd24ec4e7822199993862bcd8d78c454">
      <![CDATA[org.openqa.selenium.NoSuchElementException: no such element: Unable to locate element: {"method":"xpath","selector":"(//i[@class='fa-solid fa-circle-check'])[1]"}
  (Session info: MicrosoftEdge=108.0.1462.76)
For documentation on this error, please visit: https://selenium.dev/exceptions/#no_such_element
Build info: version: '4.3.0', revision: 'a4995e2c09*'
System info: host: 'ENE', ip: '192.168.77.240', os.name: 'Windows 11', os.arch: 'amd64', os.version: '10.0', java.version: '11.0.14'
Driver info: org.openqa.selenium.edge.EdgeDriver
Command: [fd24ec4e7822199993862bcd8d78c454, findElement {using=xpath, value=(//i[@class='fa-solid fa-circle-check'])[1]}]
Capabilities {acceptInsecureCerts: false, browserName: msedge, browserVersion: 108.0.1462.76, ms:edgeOptions: {debuggerAddress: localhost:53493}, msedge: {msedgedriverVersion: 108.0.1462.87 (d2d9c889eece..., userDataDir: C:\Users\bglag\AppData\Loca...}, networkConnectionEnabled: false, pageLoadStrategy: normal, platformName: WINDOWS, proxy: Proxy(), se:cdp: ws://localhost:53493/devtoo..., se:cdpVersion: 108.0.1462.76, setWindowRect: true, strictFileInteractability: false, timeouts: {implicit: 0, pageLoad: 300000, script: 30000}, unhandledPromptBehavior: dismiss and notify, webauthn:extension:credBlob: true, webauthn:extension:largeBlob: true, webauthn:virtualAuthenticators: true}
Session ID: fd24ec4e7822199993862bcd8d78c454
at org.openqa.selenium.remote.codec.w3c.W3CHttpResponseCodec.createException(W3CHttpResponseCodec.java:200)
at org.openqa.selenium.remote.codec.w3c.W3CHttpResponseCodec.decode(W3CHttpResponseCodec.java:133)
at org.openqa.selenium.remote.codec.w3c.W3CHttpResponseCodec.decode(W3CHttpResponseCodec.java:53)
at org.openqa.selenium.remote.HttpCommandExecutor.execute(HttpCommandExecutor.java:184)
at org.openqa.selenium.remote.service.DriverCommandExecutor.invokeExecute(DriverCommandExecutor.java:167)
at org.openqa.selenium.remote.service.DriverCommandExecutor.execute(DriverCommandExecutor.java:142)
at org.openqa.selenium.remote.RemoteWebDriver.execute(RemoteWebDriver.java:569)
at org.openqa.selenium.remote.ElementLocation$ElementFinder$2.findElement(ElementLocation.java:162)
at org.openqa.selenium.remote.ElementLocation.findElement(ElementLocation.java:60)
at org.openqa.selenium.remote.RemoteWebDriver.findElement(RemoteWebDriver.java:387)
at org.openqa.selenium.remote.RemoteWebDriver.findElement(RemoteWebDriver.java:379)
at org.openqa.selenium.support.pagefactory.DefaultElementLocator.findElement(DefaultElementLocator.java:70)
at org.openqa.selenium.support.pagefactory.internal.LocatingElementHandler.invoke(LocatingElementHandler.java:39)
at com.sun.proxy.$Proxy14.click(Unknown Source)
at BetterLifePages.AdminPage.ApproveAndReject_A_SingleRequest1(AdminPage.java:144)
at BetterLifeTest.AdminPageTest.Verify_Re_Assign_FO(AdminPageTest.java:135)
at java.base/java.util.ArrayList.forEach(ArrayList.java:1541)
... Removed 31 stack frames]]>
    </failure>
  </testcase> <!-- Verify_Re_Assign_FO -->
  <testcase classname="BetterLifeTest.AdminPageTest" name="Verify_Reject_All_Button" time="0.0">
    <ignored/>
  </testcase> <!-- Verify_Reject_All_Button -->
  <testcase classname="BetterLifeTest.AdminPageTest" name="Verify_Admin_Can_Switch_Hub" time="0.0">
    <ignored/>
  </testcase> <!-- Verify_Admin_Can_Switch_Hub -->
  <testcase classname="BetterLifeTest.AdminPageTest" name="Reset_Process_Test" time="0.0">
    <ignored/>
  </testcase> <!-- Reset_Process_Test -->
  <testcase classname="BetterLifeTest.AdminPageTest" name="Verify_Approve_All_Button" time="0.0">
    <ignored/>
  </testcase> <!-- Verify_Approve_All_Button -->
</testsuite> <!-- Admin(failed)(failed) -->
