<?xml version="1.0" encoding="UTF-8"?>
<!-- Generated by org.testng.reporters.JUnitXMLReporter -->
<testsuite ignored="0" hostname="ENE" failures="4" tests="12" name="Authorization" time="445.921" errors="0" timestamp="2023-01-24T16:46:36 WAT">
  <testcase classname="BetterLifeTest.LogingPageTest" name="Verify_Admin_Login_LogOut" time="22.263">
    <failure type="org.openqa.selenium.NoSuchElementException" message="no such element: Unable to locate element: {&amp;quot;method&amp;quot;:&amp;quot;xpath&amp;quot;,&amp;quot;selector&amp;quot;:&amp;quot;//button[normalize-space()=&amp;apos;Approve Portfolios&amp;apos;]&amp;quot;}
  (Session info: MicrosoftEdge=109.0.1518.55)
For documentation on this error, please visit: https://selenium.dev/exceptions/#no_such_element
Build info: version: &amp;apos;4.3.0&amp;apos;, revision: &amp;apos;a4995e2c09*&amp;apos;
System info: host: &amp;apos;ENE&amp;apos;, ip: &amp;apos;192.168.77.240&amp;apos;, os.name: &amp;apos;Windows 11&amp;apos;, os.arch: &amp;apos;amd64&amp;apos;, os.version: &amp;apos;10.0&amp;apos;, java.version: &amp;apos;11.0.14&amp;apos;
Driver info: org.openqa.selenium.edge.EdgeDriver
Command: [4ba549654783bc872fd806c547570dae, findElement {using=xpath, value=//button[normalize-space()=&amp;apos;Approve Portfolios&amp;apos;]}]
Capabilities {acceptInsecureCerts: false, browserName: msedge, browserVersion: 109.0.1518.55, ms:edgeOptions: {debuggerAddress: localhost:60305}, msedge: {msedgedriverVersion: 109.0.1518.61 (354b36f96bab..., userDataDir: C:\Users\bglag\AppData\Loca...}, networkConnectionEnabled: false, pageLoadStrategy: normal, platformName: WINDOWS, proxy: Proxy(), se:cdp: ws://localhost:60305/devtoo..., se:cdpVersion: 109.0.1518.55, setWindowRect: true, strictFileInteractability: false, timeouts: {implicit: 0, pageLoad: 300000, script: 30000}, unhandledPromptBehavior: dismiss and notify, webauthn:extension:credBlob: true, webauthn:extension:largeBlob: true, webauthn:virtualAuthenticators: true}
Session ID: 4ba549654783bc872fd806c547570dae">
      <![CDATA[org.openqa.selenium.NoSuchElementException: no such element: Unable to locate element: {"method":"xpath","selector":"//button[normalize-space()='Approve Portfolios']"}
  (Session info: MicrosoftEdge=109.0.1518.55)
For documentation on this error, please visit: https://selenium.dev/exceptions/#no_such_element
Build info: version: '4.3.0', revision: 'a4995e2c09*'
System info: host: 'ENE', ip: '192.168.77.240', os.name: 'Windows 11', os.arch: 'amd64', os.version: '10.0', java.version: '11.0.14'
Driver info: org.openqa.selenium.edge.EdgeDriver
Command: [4ba549654783bc872fd806c547570dae, findElement {using=xpath, value=//button[normalize-space()='Approve Portfolios']}]
Capabilities {acceptInsecureCerts: false, browserName: msedge, browserVersion: 109.0.1518.55, ms:edgeOptions: {debuggerAddress: localhost:60305}, msedge: {msedgedriverVersion: 109.0.1518.61 (354b36f96bab..., userDataDir: C:\Users\bglag\AppData\Loca...}, networkConnectionEnabled: false, pageLoadStrategy: normal, platformName: WINDOWS, proxy: Proxy(), se:cdp: ws://localhost:60305/devtoo..., se:cdpVersion: 109.0.1518.55, setWindowRect: true, strictFileInteractability: false, timeouts: {implicit: 0, pageLoad: 300000, script: 30000}, unhandledPromptBehavior: dismiss and notify, webauthn:extension:credBlob: true, webauthn:extension:largeBlob: true, webauthn:virtualAuthenticators: true}
Session ID: 4ba549654783bc872fd806c547570dae
at org.openqa.selenium.remote.codec.w3c.W3CHttpResponseCodec.createException(W3CHttpResponseCodec.java:200)
at org.openqa.selenium.remote.codec.w3c.W3CHttpResponseCodec.decode(W3CHttpResponseCodec.java:133)
at org.openqa.selenium.remote.codec.w3c.W3CHttpResponseCodec.decode(W3CHttpResponseCodec.java:53)
at org.openqa.selenium.remote.HttpCommandExecutor.execute(HttpCommandExecutor.java:184)
at org.openqa.selenium.remote.service.DriverCommandExecutor.invokeExecute(DriverCommandExecutor.java:167)
at org.openqa.selenium.remote.service.DriverCommandExecutor.execute(DriverCommandExecutor.java:142)
at org.openqa.selenium.remote.RemoteWebDriver.execute(RemoteWebDriver.java:569)
at org.openqa.selenium.remote.ElementLocation$ElementFinder$2.findElement(ElementLocation.java:162)
at org.openqa.selenium.remote.ElementLocation.findElement(ElementLocation.java:60)
at org.openqa.selenium.remote.RemoteWebDriver.findElement(RemoteWebDriver.java:387)
at org.openqa.selenium.remote.RemoteWebDriver.findElement(RemoteWebDriver.java:379)
at org.openqa.selenium.support.pagefactory.DefaultElementLocator.findElement(DefaultElementLocator.java:70)
at org.openqa.selenium.support.pagefactory.internal.LocatingElementHandler.invoke(LocatingElementHandler.java:39)
at com.sun.proxy.$Proxy14.click(Unknown Source)
at BetterLifePages.LoginPage.AdminHomeButton(LoginPage.java:49)
at BetterLifeTest.LogingPageTest.Verify_Admin_Login_LogOut(LogingPageTest.java:20)
at java.base/java.util.ArrayList.forEach(ArrayList.java:1541)
... Removed 31 stack frames]]>
    </failure>
  </testcase> <!-- Verify_Admin_Login_LogOut -->
  <testcase classname="BetterLifeTest.LogingPageTest" name="Verify_Admin_Login_With_Empty_UserName_And_Password_Field" time="42.75"/>
  <testcase classname="BetterLifeTest.LogingPageTest" name="Verify_Admin_Login_With_Invalid_UserName_Invalid_Password" time="47.405"/>
  <testcase classname="BetterLifeTest.LogingPageTest" name="Verify_Admin_Login_With_Invalid_UserName_Valid_Password" time="27.996"/>
  <testcase classname="BetterLifeTest.LogingPageTest" name="Verify_Admin_Login_With_Valid_UserName_Invalid_Password" time="24.156"/>
  <testcase classname="BetterLifeTest.LogingPageTest" name="Verify_Direct_Supervisor_Login_Logout" time="20.328">
    <failure type="java.lang.AssertionError" message="expected [https://portfolio-assignment.babbangonaapps.com/supervisor/dashboard] but found [https://portfolio-assignment.babbangonaapps.com/login]">
      <![CDATA[java.lang.AssertionError: expected [https://portfolio-assignment.babbangonaapps.com/supervisor/dashboard] but found [https://portfolio-assignment.babbangonaapps.com/login]
at BetterLifeTest.LogingPageTest.Verify_Direct_Supervisor_Login_Logout(LogingPageTest.java:67)
at java.base/java.util.ArrayList.forEach(ArrayList.java:1541)
... Removed 33 stack frames]]>
    </failure>
  </testcase> <!-- Verify_Direct_Supervisor_Login_Logout -->
  <testcase classname="BetterLifeTest.LogingPageTest" name="Verify_In_Season_Advisor_Login_Logout" time="33.151">
    <failure type="java.lang.AssertionError" message="expected [https://portfolio-assignment.babbangonaapps.com/supervisor/dashboard] but found [https://portfolio-assignment.babbangonaapps.com/login]">
      <![CDATA[java.lang.AssertionError: expected [https://portfolio-assignment.babbangonaapps.com/supervisor/dashboard] but found [https://portfolio-assignment.babbangonaapps.com/login]
at BetterLifeTest.LogingPageTest.Verify_In_Season_Advisor_Login_Logout(LogingPageTest.java:88)
at java.base/java.util.ArrayList.forEach(ArrayList.java:1541)
... Removed 33 stack frames]]>
    </failure>
  </testcase> <!-- Verify_In_Season_Advisor_Login_Logout -->
  <testcase classname="BetterLifeTest.LogingPageTest" name="Verify_Supervisor_Login_With_Empty_UserName_And_Password_Field" time="33.705"/>
  <testcase classname="BetterLifeTest.LogingPageTest" name="Verify_Supervisor_Login_With_Invalid_UserName_Invalid_Password" time="26.673"/>
  <testcase classname="BetterLifeTest.LogingPageTest" name="Verify_Supervisor_Login_With_Invalid_UserName_Valid_Password" time="63.056"/>
  <testcase classname="BetterLifeTest.LogingPageTest" name="Verify_Supervisor_Login_With_Valid_UserName_Invalid_Password" time="34.099"/>
  <testcase classname="BetterLifeTest.LogingPageTest" name="Verify_TGE_Supervisor_Login_Logout" time="70.211">
    <failure type="java.lang.AssertionError" message="expected [https://portfolio-assignment.babbangonaapps.com/supervisor/dashboard] but found [https://portfolio-assignment.babbangonaapps.com/login]">
      <![CDATA[java.lang.AssertionError: expected [https://portfolio-assignment.babbangonaapps.com/supervisor/dashboard] but found [https://portfolio-assignment.babbangonaapps.com/login]
at BetterLifeTest.LogingPageTest.Verify_TGE_Supervisor_Login_Logout(LogingPageTest.java:45)
at java.base/java.util.ArrayList.forEach(ArrayList.java:1541)
... Removed 33 stack frames]]>
    </failure>
  </testcase> <!-- Verify_TGE_Supervisor_Login_Logout -->
</testsuite> <!-- Authorization -->
