<?xml version="1.0" encoding="UTF-8"?>
<!-- Generated by org.testng.reporters.JUnitXMLReporter -->
<testsuite ignored="7" hostname="ENE" failures="2" tests="2" name="Default test(failed)(failed)" time="84.902" errors="0" timestamp="2023-01-25T10:16:17 WAT">
  <testcase classname="BetterLifeTest.SupervisorPageTest" name="Verify_Remove_FO_From_Quadrant" time="50.187">
    <failure type="org.openqa.selenium.NoSuchElementException" message="no such element: Unable to locate element: {&amp;quot;method&amp;quot;:&amp;quot;xpath&amp;quot;,&amp;quot;selector&amp;quot;:&amp;quot;(//button/div[text()=&amp;apos;Remove&amp;apos;])&amp;quot;}
  (Session info: headless chrome=109.0.5414.75)
For documentation on this error, please visit: https://selenium.dev/exceptions/#no_such_element
Build info: version: &amp;apos;4.3.0&amp;apos;, revision: &amp;apos;a4995e2c09*&amp;apos;
System info: host: &amp;apos;ENE&amp;apos;, ip: &amp;apos;192.168.30.187&amp;apos;, os.name: &amp;apos;Windows 11&amp;apos;, os.arch: &amp;apos;amd64&amp;apos;, os.version: &amp;apos;10.0&amp;apos;, java.version: &amp;apos;11.0.14&amp;apos;
Driver info: org.openqa.selenium.chrome.ChromeDriver
Command: [3761f013fe2bc44a6a74542ed2eed44b, findElement {using=xpath, value=(//button/div[text()=&amp;apos;Remove&amp;apos;])}]
Capabilities {acceptInsecureCerts: false, browserName: chrome, browserVersion: 109.0.5414.75, chrome: {chromedriverVersion: 109.0.5414.74 (e7c5703604da..., userDataDir: C:\Users\bglag\AppData\Loca...}, goog:chromeOptions: {debuggerAddress: localhost:65320}, networkConnectionEnabled: false, pageLoadStrategy: normal, platformName: WINDOWS, proxy: Proxy(), se:cdp: ws://localhost:65320/devtoo..., se:cdpVersion: 109.0.5414.75, setWindowRect: true, strictFileInteractability: false, timeouts: {implicit: 0, pageLoad: 300000, script: 30000}, unhandledPromptBehavior: dismiss and notify, webauthn:extension:credBlob: true, webauthn:extension:largeBlob: true, webauthn:virtualAuthenticators: true}
Session ID: 3761f013fe2bc44a6a74542ed2eed44b">
      <![CDATA[org.openqa.selenium.NoSuchElementException: no such element: Unable to locate element: {"method":"xpath","selector":"(//button/div[text()='Remove'])"}
  (Session info: headless chrome=109.0.5414.75)
For documentation on this error, please visit: https://selenium.dev/exceptions/#no_such_element
Build info: version: '4.3.0', revision: 'a4995e2c09*'
System info: host: 'ENE', ip: '192.168.30.187', os.name: 'Windows 11', os.arch: 'amd64', os.version: '10.0', java.version: '11.0.14'
Driver info: org.openqa.selenium.chrome.ChromeDriver
Command: [3761f013fe2bc44a6a74542ed2eed44b, findElement {using=xpath, value=(//button/div[text()='Remove'])}]
Capabilities {acceptInsecureCerts: false, browserName: chrome, browserVersion: 109.0.5414.75, chrome: {chromedriverVersion: 109.0.5414.74 (e7c5703604da..., userDataDir: C:\Users\bglag\AppData\Loca...}, goog:chromeOptions: {debuggerAddress: localhost:65320}, networkConnectionEnabled: false, pageLoadStrategy: normal, platformName: WINDOWS, proxy: Proxy(), se:cdp: ws://localhost:65320/devtoo..., se:cdpVersion: 109.0.5414.75, setWindowRect: true, strictFileInteractability: false, timeouts: {implicit: 0, pageLoad: 300000, script: 30000}, unhandledPromptBehavior: dismiss and notify, webauthn:extension:credBlob: true, webauthn:extension:largeBlob: true, webauthn:virtualAuthenticators: true}
Session ID: 3761f013fe2bc44a6a74542ed2eed44b
at org.openqa.selenium.remote.codec.w3c.W3CHttpResponseCodec.createException(W3CHttpResponseCodec.java:200)
at org.openqa.selenium.remote.codec.w3c.W3CHttpResponseCodec.decode(W3CHttpResponseCodec.java:133)
at org.openqa.selenium.remote.codec.w3c.W3CHttpResponseCodec.decode(W3CHttpResponseCodec.java:53)
at org.openqa.selenium.remote.HttpCommandExecutor.execute(HttpCommandExecutor.java:184)
at org.openqa.selenium.remote.service.DriverCommandExecutor.invokeExecute(DriverCommandExecutor.java:167)
at org.openqa.selenium.remote.service.DriverCommandExecutor.execute(DriverCommandExecutor.java:142)
at org.openqa.selenium.remote.RemoteWebDriver.execute(RemoteWebDriver.java:569)
at org.openqa.selenium.remote.ElementLocation$ElementFinder$2.findElement(ElementLocation.java:162)
at org.openqa.selenium.remote.ElementLocation.findElement(ElementLocation.java:60)
at org.openqa.selenium.remote.RemoteWebDriver.findElement(RemoteWebDriver.java:387)
at org.openqa.selenium.remote.RemoteWebDriver.findElement(RemoteWebDriver.java:379)
at org.openqa.selenium.support.pagefactory.DefaultElementLocator.findElement(DefaultElementLocator.java:70)
at org.openqa.selenium.support.pagefactory.internal.LocatingElementHandler.invoke(LocatingElementHandler.java:39)
at com.sun.proxy.$Proxy14.click(Unknown Source)
at BetterLifePages.SupervisorPage.Remove_FO_From_Quadrant_2(SupervisorPage.java:136)
at BetterLifeTest.SupervisorPageTest.Verify_Remove_FO_From_Quadrant(SupervisorPageTest.java:62)
at java.base/java.util.ArrayList.forEach(ArrayList.java:1541)
... Removed 31 stack frames]]>
    </failure>
  </testcase> <!-- Verify_Remove_FO_From_Quadrant -->
  <testcase classname="BetterLifeTest.SupervisorPageTest" name="Add_Field_Officer_To_Village" time="34.661">
    <failure type="org.openqa.selenium.NoSuchElementException" message="no such element: Unable to locate element: {&amp;quot;method&amp;quot;:&amp;quot;xpath&amp;quot;,&amp;quot;selector&amp;quot;:&amp;quot;//textarea[@id=&amp;apos;notes&amp;apos;]&amp;quot;}
  (Session info: headless chrome=109.0.5414.75)
For documentation on this error, please visit: https://selenium.dev/exceptions/#no_such_element
Build info: version: &amp;apos;4.3.0&amp;apos;, revision: &amp;apos;a4995e2c09*&amp;apos;
System info: host: &amp;apos;ENE&amp;apos;, ip: &amp;apos;192.168.30.187&amp;apos;, os.name: &amp;apos;Windows 11&amp;apos;, os.arch: &amp;apos;amd64&amp;apos;, os.version: &amp;apos;10.0&amp;apos;, java.version: &amp;apos;11.0.14&amp;apos;
Driver info: org.openqa.selenium.chrome.ChromeDriver
Command: [561993d0e5e4cad20f9c65851c775b98, findElement {using=xpath, value=//textarea[@id=&amp;apos;notes&amp;apos;]}]
Capabilities {acceptInsecureCerts: false, browserName: chrome, browserVersion: 109.0.5414.75, chrome: {chromedriverVersion: 109.0.5414.74 (e7c5703604da..., userDataDir: C:\Users\bglag\AppData\Loca...}, goog:chromeOptions: {debuggerAddress: localhost:65350}, networkConnectionEnabled: false, pageLoadStrategy: normal, platformName: WINDOWS, proxy: Proxy(), se:cdp: ws://localhost:65350/devtoo..., se:cdpVersion: 109.0.5414.75, setWindowRect: true, strictFileInteractability: false, timeouts: {implicit: 0, pageLoad: 300000, script: 30000}, unhandledPromptBehavior: dismiss and notify, webauthn:extension:credBlob: true, webauthn:extension:largeBlob: true, webauthn:virtualAuthenticators: true}
Session ID: 561993d0e5e4cad20f9c65851c775b98">
      <![CDATA[org.openqa.selenium.NoSuchElementException: no such element: Unable to locate element: {"method":"xpath","selector":"//textarea[@id='notes']"}
  (Session info: headless chrome=109.0.5414.75)
For documentation on this error, please visit: https://selenium.dev/exceptions/#no_such_element
Build info: version: '4.3.0', revision: 'a4995e2c09*'
System info: host: 'ENE', ip: '192.168.30.187', os.name: 'Windows 11', os.arch: 'amd64', os.version: '10.0', java.version: '11.0.14'
Driver info: org.openqa.selenium.chrome.ChromeDriver
Command: [561993d0e5e4cad20f9c65851c775b98, findElement {using=xpath, value=//textarea[@id='notes']}]
Capabilities {acceptInsecureCerts: false, browserName: chrome, browserVersion: 109.0.5414.75, chrome: {chromedriverVersion: 109.0.5414.74 (e7c5703604da..., userDataDir: C:\Users\bglag\AppData\Loca...}, goog:chromeOptions: {debuggerAddress: localhost:65350}, networkConnectionEnabled: false, pageLoadStrategy: normal, platformName: WINDOWS, proxy: Proxy(), se:cdp: ws://localhost:65350/devtoo..., se:cdpVersion: 109.0.5414.75, setWindowRect: true, strictFileInteractability: false, timeouts: {implicit: 0, pageLoad: 300000, script: 30000}, unhandledPromptBehavior: dismiss and notify, webauthn:extension:credBlob: true, webauthn:extension:largeBlob: true, webauthn:virtualAuthenticators: true}
Session ID: 561993d0e5e4cad20f9c65851c775b98
at org.openqa.selenium.remote.codec.w3c.W3CHttpResponseCodec.createException(W3CHttpResponseCodec.java:200)
at org.openqa.selenium.remote.codec.w3c.W3CHttpResponseCodec.decode(W3CHttpResponseCodec.java:133)
at org.openqa.selenium.remote.codec.w3c.W3CHttpResponseCodec.decode(W3CHttpResponseCodec.java:53)
at org.openqa.selenium.remote.HttpCommandExecutor.execute(HttpCommandExecutor.java:184)
at org.openqa.selenium.remote.service.DriverCommandExecutor.invokeExecute(DriverCommandExecutor.java:167)
at org.openqa.selenium.remote.service.DriverCommandExecutor.execute(DriverCommandExecutor.java:142)
at org.openqa.selenium.remote.RemoteWebDriver.execute(RemoteWebDriver.java:569)
at org.openqa.selenium.remote.ElementLocation$ElementFinder$2.findElement(ElementLocation.java:162)
at org.openqa.selenium.remote.ElementLocation.findElement(ElementLocation.java:60)
at org.openqa.selenium.remote.RemoteWebDriver.findElement(RemoteWebDriver.java:387)
at org.openqa.selenium.remote.RemoteWebDriver.findElement(RemoteWebDriver.java:379)
at org.openqa.selenium.support.pagefactory.DefaultElementLocator.findElement(DefaultElementLocator.java:70)
at org.openqa.selenium.support.pagefactory.internal.LocatingElementHandler.invoke(LocatingElementHandler.java:39)
at com.sun.proxy.$Proxy14.sendKeys(Unknown Source)
at BetterLifePages.SupervisorPage.AddFieldOfficerToVillage2(SupervisorPage.java:171)
at BetterLifeTest.SupervisorPageTest.Add_Field_Officer_To_Village(SupervisorPageTest.java:119)
at java.base/java.util.ArrayList.forEach(ArrayList.java:1541)
... Removed 31 stack frames]]>
    </failure>
  </testcase> <!-- Add_Field_Officer_To_Village -->
  <testcase classname="BetterLifeTest.SupervisorPageTest" name="Verify_Manage_Field_Officer_Distance_Travelled_Button" time="0.0">
    <ignored/>
  </testcase> <!-- Verify_Manage_Field_Officer_Distance_Travelled_Button -->
  <testcase classname="BetterLifeTest.SupervisorPageTest" name="Verify_Manage_Field_Officer_Portfolio_Size_Button" time="0.0">
    <ignored/>
  </testcase> <!-- Verify_Manage_Field_Officer_Portfolio_Size_Button -->
  <testcase classname="BetterLifeTest.SupervisorPageTest" name="Verify_View_A_Field_Officer_Allocation" time="0.0">
    <ignored/>
  </testcase> <!-- Verify_View_A_Field_Officer_Allocation -->
  <testcase classname="BetterLifeTest.SupervisorPageTest" name="Verify_Add_FO_To_Quadrant" time="0.0">
    <ignored/>
  </testcase> <!-- Verify_Add_FO_To_Quadrant -->
  <testcase classname="BetterLifeTest.SupervisorPageTest" name="Verify_Send_For_Approval_Button" time="0.0">
    <ignored/>
  </testcase> <!-- Verify_Send_For_Approval_Button -->
  <testcase classname="BetterLifeTest.SupervisorPageTest" name="Add_Lead_Coach_Button_In_Go_To_Quadrant" time="0.0">
    <ignored/>
  </testcase> <!-- Add_Lead_Coach_Button_In_Go_To_Quadrant -->
  <testcase classname="BetterLifeTest.SupervisorPageTest" name="Verify_Add_FO_To_Quadrant_For_Assignment" time="0.0">
    <ignored/>
  </testcase> <!-- Verify_Add_FO_To_Quadrant_For_Assignment -->
</testsuite> <!-- Default test(failed)(failed) -->
